{"A:\\Coding\\prompantigravity\\smart-stadium-ai\\src\\components\\AssistantController.js": {"path":"A:\\Coding\\prompantigravity\\smart-stadium-ai\\src\\components\\AssistantController.js","statementMap":{"0":{"start":{"line":6,"column":28},"end":{"line":161,"column":1}},"1":{"start":{"line":10,"column":22},"end":{"line":10,"column":34}},"2":{"start":{"line":11,"column":26},"end":{"line":11,"column":89}},"3":{"start":{"line":12,"column":24},"end":{"line":12,"column":70}},"4":{"start":{"line":12,"column":51},"end":{"line":12,"column":69}},"5":{"start":{"line":14,"column":8},"end":{"line":19,"column":9}},"6":{"start":{"line":15,"column":12},"end":{"line":15,"column":111}},"7":{"start":{"line":16,"column":29},"end":{"line":16,"column":65}},"8":{"start":{"line":17,"column":12},"end":{"line":17,"column":56}},"9":{"start":{"line":17,"column":35},"end":{"line":17,"column":56}},"10":{"start":{"line":18,"column":12},"end":{"line":18,"column":28}},"11":{"start":{"line":21,"column":29},"end":{"line":32,"column":9}},"12":{"start":{"line":34,"column":8},"end":{"line":69,"column":9}},"13":{"start":{"line":35,"column":12},"end":{"line":35,"column":79}},"14":{"start":{"line":36,"column":24},"end":{"line":48,"column":14}},"15":{"start":{"line":49,"column":25},"end":{"line":49,"column":41}},"16":{"start":{"line":51,"column":31},"end":{"line":51,"column":33}},"17":{"start":{"line":52,"column":12},"end":{"line":59,"column":13}},"18":{"start":{"line":53,"column":16},"end":{"line":53,"column":83}},"19":{"start":{"line":54,"column":16},"end":{"line":54,"column":68}},"20":{"start":{"line":55,"column":19},"end":{"line":59,"column":13}},"21":{"start":{"line":56,"column":16},"end":{"line":56,"column":72}},"22":{"start":{"line":58,"column":16},"end":{"line":58,"column":68}},"23":{"start":{"line":61,"column":12},"end":{"line":61,"column":60}},"24":{"start":{"line":61,"column":35},"end":{"line":61,"column":60}},"25":{"start":{"line":62,"column":12},"end":{"line":62,"column":32}},"26":{"start":{"line":65,"column":12},"end":{"line":65,"column":69}},"27":{"start":{"line":66,"column":32},"end":{"line":66,"column":68}},"28":{"start":{"line":67,"column":12},"end":{"line":67,"column":59}},"29":{"start":{"line":67,"column":35},"end":{"line":67,"column":59}},"30":{"start":{"line":68,"column":12},"end":{"line":68,"column":31}},"31":{"start":{"line":76,"column":8},"end":{"line":76,"column":44}},"32":{"start":{"line":76,"column":37},"end":{"line":76,"column":44}},"33":{"start":{"line":77,"column":8},"end":{"line":77,"column":40}},"34":{"start":{"line":78,"column":26},"end":{"line":78,"column":60}},"35":{"start":{"line":79,"column":8},"end":{"line":79,"column":30}},"36":{"start":{"line":81,"column":23},"end":{"line":81,"column":57}},"37":{"start":{"line":82,"column":26},"end":{"line":82,"column":107}},"38":{"start":{"line":82,"column":43},"end":{"line":82,"column":93}},"39":{"start":{"line":83,"column":8},"end":{"line":83,"column":51}},"40":{"start":{"line":83,"column":23},"end":{"line":83,"column":51}},"41":{"start":{"line":84,"column":8},"end":{"line":84,"column":48}},"42":{"start":{"line":88,"column":34},"end":{"line":88,"column":92}},"43":{"start":{"line":89,"column":8},"end":{"line":92,"column":9}},"44":{"start":{"line":90,"column":12},"end":{"line":90,"column":86}},"45":{"start":{"line":90,"column":25},"end":{"line":90,"column":86}},"46":{"start":{"line":91,"column":12},"end":{"line":91,"column":19}},"47":{"start":{"line":94,"column":8},"end":{"line":99,"column":9}},"48":{"start":{"line":95,"column":12},"end":{"line":95,"column":55}},"49":{"start":{"line":96,"column":12},"end":{"line":96,"column":48}},"50":{"start":{"line":97,"column":12},"end":{"line":97,"column":52}},"51":{"start":{"line":98,"column":12},"end":{"line":98,"column":44}},"52":{"start":{"line":101,"column":8},"end":{"line":104,"column":10}},"53":{"start":{"line":102,"column":31},"end":{"line":102,"column":61}},"54":{"start":{"line":103,"column":12},"end":{"line":103,"column":47}},"55":{"start":{"line":103,"column":26},"end":{"line":103,"column":47}},"56":{"start":{"line":106,"column":8},"end":{"line":108,"column":10}},"57":{"start":{"line":107,"column":12},"end":{"line":107,"column":46}},"58":{"start":{"line":107,"column":25},"end":{"line":107,"column":46}},"59":{"start":{"line":110,"column":8},"end":{"line":112,"column":10}},"60":{"start":{"line":111,"column":12},"end":{"line":111,"column":31}},"61":{"start":{"line":111,"column":23},"end":{"line":111,"column":31}},"62":{"start":{"line":114,"column":8},"end":{"line":114,"column":33}},"63":{"start":{"line":118,"column":18},"end":{"line":118,"column":37}},"64":{"start":{"line":119,"column":8},"end":{"line":119,"column":128}},"65":{"start":{"line":119,"column":38},"end":{"line":119,"column":128}},"66":{"start":{"line":122,"column":24},"end":{"line":154,"column":9}},"67":{"start":{"line":126,"column":32},"end":{"line":126,"column":123}},"68":{"start":{"line":126,"column":61},"end":{"line":126,"column":79}},"69":{"start":{"line":126,"column":102},"end":{"line":126,"column":119}},"70":{"start":{"line":127,"column":20},"end":{"line":127,"column":248}},"71":{"start":{"line":133,"column":34},"end":{"line":133,"column":53}},"72":{"start":{"line":134,"column":33},"end":{"line":134,"column":80}},"73":{"start":{"line":134,"column":53},"end":{"line":134,"column":76}},"74":{"start":{"line":135,"column":20},"end":{"line":138,"column":21}},"75":{"start":{"line":136,"column":36},"end":{"line":136,"column":132}},"76":{"start":{"line":136,"column":52},"end":{"line":136,"column":131}},"77":{"start":{"line":137,"column":24},"end":{"line":137,"column":187}},"78":{"start":{"line":139,"column":20},"end":{"line":139,"column":219}},"79":{"start":{"line":144,"column":28},"end":{"line":144,"column":149}},"80":{"start":{"line":148,"column":28},"end":{"line":148,"column":125}},"81":{"start":{"line":152,"column":28},"end":{"line":152,"column":119}},"82":{"start":{"line":156,"column":22},"end":{"line":156,"column":82}},"83":{"start":{"line":156,"column":45},"end":{"line":156,"column":81}},"84":{"start":{"line":156,"column":67},"end":{"line":156,"column":80}},"85":{"start":{"line":157,"column":8},"end":{"line":157,"column":39}},"86":{"start":{"line":157,"column":19},"end":{"line":157,"column":39}},"87":{"start":{"line":159,"column":8},"end":{"line":159,"column":176}},"88":{"start":{"line":163,"column":0},"end":{"line":163,"column":49}},"89":{"start":{"line":166,"column":0},"end":{"line":168,"column":1}},"90":{"start":{"line":167,"column":4},"end":{"line":167,"column":45}}},"fnMap":{"0":{"name":"(anonymous_0)","decl":{"start":{"line":9,"column":4},"end":{"line":9,"column":5}},"loc":{"start":{"line":9,"column":29},"end":{"line":70,"column":5}},"line":9},"1":{"name":"(anonymous_1)","decl":{"start":{"line":12,"column":46},"end":{"line":12,"column":47}},"loc":{"start":{"line":12,"column":51},"end":{"line":12,"column":69}},"line":12},"2":{"name":"(anonymous_2)","decl":{"start":{"line":75,"column":4},"end":{"line":75,"column":5}},"loc":{"start":{"line":75,"column":16},"end":{"line":85,"column":5}},"line":75},"3":{"name":"(anonymous_3)","decl":{"start":{"line":82,"column":38},"end":{"line":82,"column":39}},"loc":{"start":{"line":82,"column":43},"end":{"line":82,"column":93}},"line":82},"4":{"name":"(anonymous_4)","decl":{"start":{"line":87,"column":4},"end":{"line":87,"column":5}},"loc":{"start":{"line":87,"column":37},"end":{"line":115,"column":5}},"line":87},"5":{"name":"(anonymous_5)","decl":{"start":{"line":101,"column":36},"end":{"line":101,"column":37}},"loc":{"start":{"line":101,"column":47},"end":{"line":104,"column":9}},"line":101},"6":{"name":"(anonymous_6)","decl":{"start":{"line":106,"column":35},"end":{"line":106,"column":36}},"loc":{"start":{"line":106,"column":46},"end":{"line":108,"column":9}},"line":106},"7":{"name":"(anonymous_7)","decl":{"start":{"line":110,"column":33},"end":{"line":110,"column":34}},"loc":{"start":{"line":110,"column":39},"end":{"line":112,"column":9}},"line":110},"8":{"name":"(anonymous_8)","decl":{"start":{"line":117,"column":4},"end":{"line":117,"column":5}},"loc":{"start":{"line":117,"column":36},"end":{"line":160,"column":5}},"line":117},"9":{"name":"(anonymous_9)","decl":{"start":{"line":125,"column":22},"end":{"line":125,"column":23}},"loc":{"start":{"line":125,"column":28},"end":{"line":128,"column":17}},"line":125},"10":{"name":"(anonymous_10)","decl":{"start":{"line":126,"column":56},"end":{"line":126,"column":57}},"loc":{"start":{"line":126,"column":61},"end":{"line":126,"column":79}},"line":126},"11":{"name":"(anonymous_11)","decl":{"start":{"line":126,"column":93},"end":{"line":126,"column":94}},"loc":{"start":{"line":126,"column":102},"end":{"line":126,"column":119}},"line":126},"12":{"name":"(anonymous_12)","decl":{"start":{"line":132,"column":22},"end":{"line":132,"column":23}},"loc":{"start":{"line":132,"column":28},"end":{"line":140,"column":17}},"line":132},"13":{"name":"(anonymous_13)","decl":{"start":{"line":134,"column":44},"end":{"line":134,"column":45}},"loc":{"start":{"line":134,"column":53},"end":{"line":134,"column":76}},"line":134},"14":{"name":"(anonymous_14)","decl":{"start":{"line":136,"column":47},"end":{"line":136,"column":48}},"loc":{"start":{"line":136,"column":52},"end":{"line":136,"column":131}},"line":136},"15":{"name":"(anonymous_15)","decl":{"start":{"line":144,"column":22},"end":{"line":144,"column":23}},"loc":{"start":{"line":144,"column":28},"end":{"line":144,"column":149}},"line":144},"16":{"name":"(anonymous_16)","decl":{"start":{"line":148,"column":22},"end":{"line":148,"column":23}},"loc":{"start":{"line":148,"column":28},"end":{"line":148,"column":125}},"line":148},"17":{"name":"(anonymous_17)","decl":{"start":{"line":152,"column":22},"end":{"line":152,"column":23}},"loc":{"start":{"line":152,"column":28},"end":{"line":152,"column":119}},"line":152},"18":{"name":"(anonymous_18)","decl":{"start":{"line":156,"column":35},"end":{"line":156,"column":36}},"loc":{"start":{"line":156,"column":45},"end":{"line":156,"column":81}},"line":156},"19":{"name":"(anonymous_19)","decl":{"start":{"line":156,"column":62},"end":{"line":156,"column":63}},"loc":{"start":{"line":156,"column":67},"end":{"line":156,"column":80}},"line":156}},"branchMap":{"0":{"loc":{"start":{"line":11,"column":26},"end":{"line":11,"column":89}},"type":"binary-expr","locations":[{"start":{"line":11,"column":26},"end":{"line":11,"column":74}},{"start":{"line":11,"column":78},"end":{"line":11,"column":89}}],"line":11},"1":{"loc":{"start":{"line":14,"column":8},"end":{"line":19,"column":9}},"type":"if","locations":[{"start":{"line":14,"column":8},"end":{"line":19,"column":9}},{"start":{},"end":{}}],"line":14},"2":{"loc":{"start":{"line":14,"column":12},"end":{"line":14,"column":77}},"type":"binary-expr","locations":[{"start":{"line":14,"column":12},"end":{"line":14,"column":34}},{"start":{"line":14,"column":38},"end":{"line":14,"column":77}}],"line":14},"3":{"loc":{"start":{"line":17,"column":12},"end":{"line":17,"column":56}},"type":"if","locations":[{"start":{"line":17,"column":12},"end":{"line":17,"column":56}},{"start":{},"end":{}}],"line":17},"4":{"loc":{"start":{"line":23,"column":21},"end":{"line":23,"column":51}},"type":"binary-expr","locations":[{"start":{"line":23,"column":21},"end":{"line":23,"column":34}},{"start":{"line":23,"column":38},"end":{"line":23,"column":51}}],"line":23},"5":{"loc":{"start":{"line":24,"column":50},"end":{"line":24,"column":70}},"type":"binary-expr","locations":[{"start":{"line":24,"column":50},"end":{"line":24,"column":64}},{"start":{"line":24,"column":68},"end":{"line":24,"column":70}}],"line":24},"6":{"loc":{"start":{"line":24,"column":78},"end":{"line":24,"column":97}},"type":"binary-expr","locations":[{"start":{"line":24,"column":78},"end":{"line":24,"column":91}},{"start":{"line":24,"column":95},"end":{"line":24,"column":97}}],"line":24},"7":{"loc":{"start":{"line":24,"column":110},"end":{"line":24,"column":132}},"type":"binary-expr","locations":[{"start":{"line":24,"column":110},"end":{"line":24,"column":126}},{"start":{"line":24,"column":130},"end":{"line":24,"column":132}}],"line":24},"8":{"loc":{"start":{"line":28,"column":158},"end":{"line":28,"column":184}},"type":"binary-expr","locations":[{"start":{"line":28,"column":158},"end":{"line":28,"column":171}},{"start":{"line":28,"column":175},"end":{"line":28,"column":184}}],"line":28},"9":{"loc":{"start":{"line":52,"column":12},"end":{"line":59,"column":13}},"type":"if","locations":[{"start":{"line":52,"column":12},"end":{"line":59,"column":13}},{"start":{"line":55,"column":19},"end":{"line":59,"column":13}}],"line":52},"10":{"loc":{"start":{"line":55,"column":19},"end":{"line":59,"column":13}},"type":"if","locations":[{"start":{"line":55,"column":19},"end":{"line":59,"column":13}},{"start":{"line":57,"column":19},"end":{"line":59,"column":13}}],"line":55},"11":{"loc":{"start":{"line":61,"column":12},"end":{"line":61,"column":60}},"type":"if","locations":[{"start":{"line":61,"column":12},"end":{"line":61,"column":60}},{"start":{},"end":{}}],"line":61},"12":{"loc":{"start":{"line":67,"column":12},"end":{"line":67,"column":59}},"type":"if","locations":[{"start":{"line":67,"column":12},"end":{"line":67,"column":59}},{"start":{},"end":{}}],"line":67},"13":{"loc":{"start":{"line":76,"column":8},"end":{"line":76,"column":44}},"type":"if","locations":[{"start":{"line":76,"column":8},"end":{"line":76,"column":44}},{"start":{},"end":{}}],"line":76},"14":{"loc":{"start":{"line":82,"column":26},"end":{"line":82,"column":107}},"type":"binary-expr","locations":[{"start":{"line":82,"column":26},"end":{"line":82,"column":94}},{"start":{"line":82,"column":98},"end":{"line":82,"column":107}}],"line":82},"15":{"loc":{"start":{"line":82,"column":43},"end":{"line":82,"column":93}},"type":"binary-expr","locations":[{"start":{"line":82,"column":43},"end":{"line":82,"column":64}},{"start":{"line":82,"column":68},"end":{"line":82,"column":93}}],"line":82},"16":{"loc":{"start":{"line":83,"column":8},"end":{"line":83,"column":51}},"type":"if","locations":[{"start":{"line":83,"column":8},"end":{"line":83,"column":51}},{"start":{},"end":{}}],"line":83},"17":{"loc":{"start":{"line":88,"column":34},"end":{"line":88,"column":92}},"type":"binary-expr","locations":[{"start":{"line":88,"column":34},"end":{"line":88,"column":58}},{"start":{"line":88,"column":62},"end":{"line":88,"column":92}}],"line":88},"18":{"loc":{"start":{"line":89,"column":8},"end":{"line":92,"column":9}},"type":"if","locations":[{"start":{"line":89,"column":8},"end":{"line":92,"column":9}},{"start":{},"end":{}}],"line":89},"19":{"loc":{"start":{"line":90,"column":12},"end":{"line":90,"column":86}},"type":"if","locations":[{"start":{"line":90,"column":12},"end":{"line":90,"column":86}},{"start":{},"end":{}}],"line":90},"20":{"loc":{"start":{"line":94,"column":8},"end":{"line":99,"column":9}},"type":"if","locations":[{"start":{"line":94,"column":8},"end":{"line":99,"column":9}},{"start":{},"end":{}}],"line":94},"21":{"loc":{"start":{"line":103,"column":12},"end":{"line":103,"column":47}},"type":"if","locations":[{"start":{"line":103,"column":12},"end":{"line":103,"column":47}},{"start":{},"end":{}}],"line":103},"22":{"loc":{"start":{"line":107,"column":12},"end":{"line":107,"column":46}},"type":"if","locations":[{"start":{"line":107,"column":12},"end":{"line":107,"column":46}},{"start":{},"end":{}}],"line":107},"23":{"loc":{"start":{"line":111,"column":12},"end":{"line":111,"column":31}},"type":"if","locations":[{"start":{"line":111,"column":12},"end":{"line":111,"column":31}},{"start":{},"end":{}}],"line":111},"24":{"loc":{"start":{"line":119,"column":8},"end":{"line":119,"column":128}},"type":"if","locations":[{"start":{"line":119,"column":8},"end":{"line":119,"column":128}},{"start":{},"end":{}}],"line":119},"25":{"loc":{"start":{"line":126,"column":33},"end":{"line":126,"column":86}},"type":"binary-expr","locations":[{"start":{"line":126,"column":33},"end":{"line":126,"column":80}},{"start":{"line":126,"column":84},"end":{"line":126,"column":86}}],"line":126},"26":{"loc":{"start":{"line":127,"column":27},"end":{"line":127,"column":247}},"type":"cond-expr","locations":[{"start":{"line":127,"column":33},"end":{"line":127,"column":156}},{"start":{"line":127,"column":159},"end":{"line":127,"column":247}}],"line":127},"27":{"loc":{"start":{"line":133,"column":34},"end":{"line":133,"column":53}},"type":"binary-expr","locations":[{"start":{"line":133,"column":34},"end":{"line":133,"column":47}},{"start":{"line":133,"column":51},"end":{"line":133,"column":53}}],"line":133},"28":{"loc":{"start":{"line":135,"column":20},"end":{"line":138,"column":21}},"type":"if","locations":[{"start":{"line":135,"column":20},"end":{"line":138,"column":21}},{"start":{},"end":{}}],"line":135},"29":{"loc":{"start":{"line":135,"column":24},"end":{"line":135,"column":87}},"type":"binary-expr","locations":[{"start":{"line":135,"column":24},"end":{"line":135,"column":42}},{"start":{"line":135,"column":46},"end":{"line":135,"column":63}},{"start":{"line":135,"column":67},"end":{"line":135,"column":87}}],"line":135},"30":{"loc":{"start":{"line":136,"column":52},"end":{"line":136,"column":131}},"type":"binary-expr","locations":[{"start":{"line":136,"column":52},"end":{"line":136,"column":88}},{"start":{"line":136,"column":92},"end":{"line":136,"column":131}}],"line":136},"31":{"loc":{"start":{"line":137,"column":31},"end":{"line":137,"column":186}},"type":"cond-expr","locations":[{"start":{"line":137,"column":37},"end":{"line":137,"column":128}},{"start":{"line":137,"column":131},"end":{"line":137,"column":186}}],"line":137},"32":{"loc":{"start":{"line":139,"column":27},"end":{"line":139,"column":218}},"type":"cond-expr","locations":[{"start":{"line":139,"column":34},"end":{"line":139,"column":141}},{"start":{"line":139,"column":144},"end":{"line":139,"column":218}}],"line":139},"33":{"loc":{"start":{"line":157,"column":8},"end":{"line":157,"column":39}},"type":"if","locations":[{"start":{"line":157,"column":8},"end":{"line":157,"column":39}},{"start":{},"end":{}}],"line":157},"34":{"loc":{"start":{"line":166,"column":0},"end":{"line":168,"column":1}},"type":"if","locations":[{"start":{"line":166,"column":0},"end":{"line":168,"column":1}},{"start":{},"end":{}}],"line":166},"35":{"loc":{"start":{"line":166,"column":4},"end":{"line":166,"column":51}},"type":"binary-expr","locations":[{"start":{"line":166,"column":4},"end":{"line":166,"column":33}},{"start":{"line":166,"column":37},"end":{"line":166,"column":51}}],"line":166}},"s":{"0":1,"1":0,"2":0,"3":0,"4":0,"5":0,"6":0,"7":0,"8":0,"9":0,"10":0,"11":0,"12":0,"13":0,"14":0,"15":0,"16":0,"17":0,"18":0,"19":0,"20":0,"21":0,"22":0,"23":0,"24":0,"25":0,"26":0,"27":0,"28":0,"29":0,"30":0,"31":0,"32":0,"33":0,"34":0,"35":0,"36":0,"37":0,"38":0,"39":0,"40":0,"41":0,"42":0,"43":0,"44":0,"45":0,"46":0,"47":0,"48":0,"49":0,"50":0,"51":0,"52":0,"53":0,"54":0,"55":0,"56":0,"57":0,"58":0,"59":0,"60":0,"61":0,"62":0,"63":13,"64":13,"65":1,"66":12,"67":4,"68":6,"69":3,"70":4,"71":4,"72":4,"73":4,"74":4,"75":2,"76":2,"77":2,"78":2,"79":1,"80":1,"81":1,"82":12,"83":29,"84":199,"85":12,"86":11,"87":1,"88":1,"89":1,"90":1},"f":{"0":0,"1":0,"2":0,"3":0,"4":0,"5":0,"6":0,"7":0,"8":13,"9":4,"10":6,"11":3,"12":4,"13":4,"14":2,"15":1,"16":1,"17":1,"18":29,"19":199},"b":{"0":[0,0],"1":[0,0],"2":[0,0],"3":[0,0],"4":[0,0],"5":[0,0],"6":[0,0],"7":[0,0],"8":[0,0],"9":[0,0],"10":[0,0],"11":[0,0],"12":[0,0],"13":[0,0],"14":[0,0],"15":[0,0],"16":[0,0],"17":[0,0],"18":[0,0],"19":[0,0],"20":[0,0],"21":[0,0],"22":[0,0],"23":[0,0],"24":[1,12],"25":[4,1],"26":[3,1],"27":[4,0],"28":[2,2],"29":[4,4,3],"30":[2,0],"31":[2,0],"32":[2,0],"33":[11,1],"34":[1,0],"35":[1,1]},"_coverageSchema":"1a1c01bbd47fc00a2c39e90264f33305004495a9","hash":"aea0e134b04d1a30c3b810c906752faec2d35fd1"}
,"A:\\Coding\\prompantigravity\\smart-stadium-ai\\src\\engine\\simulator.js": {"path":"A:\\Coding\\prompantigravity\\smart-stadium-ai\\src\\engine\\simulator.js","statementMap":{"0":{"start":{"line":6,"column":25},"end":{"line":80,"column":1}},"1":{"start":{"line":13,"column":8},"end":{"line":13,"column":86}},"2":{"start":{"line":16,"column":8},"end":{"line":19,"column":9}},"3":{"start":{"line":17,"column":28},"end":{"line":17,"column":69}},"4":{"start":{"line":18,"column":12},"end":{"line":18,"column":60}},"5":{"start":{"line":18,"column":25},"end":{"line":18,"column":60}},"6":{"start":{"line":22,"column":27},"end":{"line":22,"column":73}},"7":{"start":{"line":23,"column":8},"end":{"line":27,"column":9}},"8":{"start":{"line":24,"column":12},"end":{"line":24,"column":53}},"9":{"start":{"line":25,"column":12},"end":{"line":25,"column":92}},"10":{"start":{"line":26,"column":12},"end":{"line":26,"column":101}},"11":{"start":{"line":30,"column":8},"end":{"line":48,"column":9}},"12":{"start":{"line":31,"column":12},"end":{"line":45,"column":13}},"13":{"start":{"line":32,"column":16},"end":{"line":32,"column":74}},"14":{"start":{"line":35,"column":16},"end":{"line":42,"column":18}},"15":{"start":{"line":36,"column":38},"end":{"line":36,"column":44}},"16":{"start":{"line":37,"column":20},"end":{"line":37,"column":41}},"17":{"start":{"line":40,"column":20},"end":{"line":40,"column":85}},"18":{"start":{"line":41,"column":20},"end":{"line":41,"column":98}},"19":{"start":{"line":44,"column":16},"end":{"line":44,"column":103}},"20":{"start":{"line":47,"column":12},"end":{"line":47,"column":71}},"21":{"start":{"line":51,"column":8},"end":{"line":51,"column":76}},"22":{"start":{"line":51,"column":26},"end":{"line":51,"column":37}},"23":{"start":{"line":55,"column":8},"end":{"line":55,"column":50}},"24":{"start":{"line":55,"column":43},"end":{"line":55,"column":50}},"25":{"start":{"line":57,"column":8},"end":{"line":57,"column":25}},"26":{"start":{"line":60,"column":8},"end":{"line":64,"column":9}},"27":{"start":{"line":61,"column":12},"end":{"line":61,"column":60}},"28":{"start":{"line":62,"column":12},"end":{"line":62,"column":31}},"29":{"start":{"line":63,"column":12},"end":{"line":63,"column":77}},"30":{"start":{"line":67,"column":8},"end":{"line":67,"column":74}},"31":{"start":{"line":68,"column":8},"end":{"line":68,"column":70}},"32":{"start":{"line":71,"column":8},"end":{"line":74,"column":11}},"33":{"start":{"line":78,"column":8},"end":{"line":78,"column":104}},"34":{"start":{"line":82,"column":0},"end":{"line":84,"column":1}},"35":{"start":{"line":83,"column":4},"end":{"line":83,"column":53}},"36":{"start":{"line":83,"column":21},"end":{"line":83,"column":45}},"37":{"start":{"line":85,"column":0},"end":{"line":85,"column":43}},"38":{"start":{"line":88,"column":0},"end":{"line":90,"column":1}},"39":{"start":{"line":89,"column":4},"end":{"line":89,"column":42}}},"fnMap":{"0":{"name":"(anonymous_0)","decl":{"start":{"line":12,"column":4},"end":{"line":12,"column":5}},"loc":{"start":{"line":12,"column":12},"end":{"line":52,"column":5}},"line":12},"1":{"name":"(anonymous_1)","decl":{"start":{"line":35,"column":40},"end":{"line":35,"column":41}},"loc":{"start":{"line":35,"column":47},"end":{"line":42,"column":17}},"line":35},"2":{"name":"(anonymous_2)","decl":{"start":{"line":51,"column":20},"end":{"line":51,"column":21}},"loc":{"start":{"line":51,"column":26},"end":{"line":51,"column":37}},"line":51},"3":{"name":"(anonymous_3)","decl":{"start":{"line":54,"column":4},"end":{"line":54,"column":5}},"loc":{"start":{"line":54,"column":11},"end":{"line":75,"column":5}},"line":54},"4":{"name":"(anonymous_4)","decl":{"start":{"line":77,"column":4},"end":{"line":77,"column":5}},"loc":{"start":{"line":77,"column":19},"end":{"line":79,"column":5}},"line":77},"5":{"name":"(anonymous_5)","decl":{"start":{"line":83,"column":15},"end":{"line":83,"column":16}},"loc":{"start":{"line":83,"column":21},"end":{"line":83,"column":45}},"line":83}},"branchMap":{"0":{"loc":{"start":{"line":16,"column":8},"end":{"line":19,"column":9}},"type":"if","locations":[{"start":{"line":16,"column":8},"end":{"line":19,"column":9}},{"start":{},"end":{}}],"line":16},"1":{"loc":{"start":{"line":18,"column":12},"end":{"line":18,"column":60}},"type":"if","locations":[{"start":{"line":18,"column":12},"end":{"line":18,"column":60}},{"start":{},"end":{}}],"line":18},"2":{"loc":{"start":{"line":23,"column":8},"end":{"line":27,"column":9}},"type":"if","locations":[{"start":{"line":23,"column":8},"end":{"line":27,"column":9}},{"start":{},"end":{}}],"line":23},"3":{"loc":{"start":{"line":25,"column":38},"end":{"line":25,"column":90}},"type":"binary-expr","locations":[{"start":{"line":25,"column":38},"end":{"line":25,"column":83}},{"start":{"line":25,"column":87},"end":{"line":25,"column":90}}],"line":25},"4":{"loc":{"start":{"line":30,"column":8},"end":{"line":48,"column":9}},"type":"if","locations":[{"start":{"line":30,"column":8},"end":{"line":48,"column":9}},{"start":{"line":46,"column":15},"end":{"line":48,"column":9}}],"line":30},"5":{"loc":{"start":{"line":51,"column":39},"end":{"line":51,"column":74}},"type":"binary-expr","locations":[{"start":{"line":51,"column":39},"end":{"line":51,"column":65}},{"start":{"line":51,"column":69},"end":{"line":51,"column":74}}],"line":51},"6":{"loc":{"start":{"line":55,"column":8},"end":{"line":55,"column":50}},"type":"if","locations":[{"start":{"line":55,"column":8},"end":{"line":55,"column":50}},{"start":{},"end":{}}],"line":55},"7":{"loc":{"start":{"line":55,"column":12},"end":{"line":55,"column":41}},"type":"binary-expr","locations":[{"start":{"line":55,"column":12},"end":{"line":55,"column":25}},{"start":{"line":55,"column":29},"end":{"line":55,"column":41}}],"line":55},"8":{"loc":{"start":{"line":60,"column":8},"end":{"line":64,"column":9}},"type":"if","locations":[{"start":{"line":60,"column":8},"end":{"line":64,"column":9}},{"start":{},"end":{}}],"line":60},"9":{"loc":{"start":{"line":82,"column":0},"end":{"line":84,"column":1}},"type":"if","locations":[{"start":{"line":82,"column":0},"end":{"line":84,"column":1}},{"start":{},"end":{}}],"line":82},"10":{"loc":{"start":{"line":88,"column":0},"end":{"line":90,"column":1}},"type":"if","locations":[{"start":{"line":88,"column":0},"end":{"line":90,"column":1}},{"start":{},"end":{}}],"line":88},"11":{"loc":{"start":{"line":88,"column":4},"end":{"line":88,"column":51}},"type":"binary-expr","locations":[{"start":{"line":88,"column":4},"end":{"line":88,"column":33}},{"start":{"line":88,"column":37},"end":{"line":88,"column":51}}],"line":88}},"s":{"0":1,"1":1,"2":1,"3":0,"4":0,"5":0,"6":1,"7":1,"8":1,"9":1,"10":1,"11":1,"12":1,"13":1,"14":0,"15":0,"16":0,"17":0,"18":0,"19":1,"20":0,"21":1,"22":0,"23":7,"24":2,"25":5,"26":5,"27":2,"28":2,"29":2,"30":5,"31":5,"32":5,"33":5,"34":1,"35":0,"36":0,"37":1,"38":1,"39":1},"f":{"0":1,"1":0,"2":0,"3":7,"4":5,"5":0},"b":{"0":[0,1],"1":[0,0],"2":[1,0],"3":[1,0],"4":[1,0],"5":[1,0],"6":[2,5],"7":[7,6],"8":[2,3],"9":[0,1],"10":[1,0],"11":[1,1]},"_coverageSchema":"1a1c01bbd47fc00a2c39e90264f33305004495a9","hash":"79d8ce0c382598b061c9138e2f274e08e9424015"}
,"A:\\Coding\\prompantigravity\\smart-stadium-ai\\src\\engine\\state.js": {"path":"A:\\Coding\\prompantigravity\\smart-stadium-ai\\src\\engine\\state.js","statementMap":{"0":{"start":{"line":6,"column":0},"end":{"line":10,"column":2}},"1":{"start":{"line":12,"column":21},"end":{"line":63,"column":1}},"2":{"start":{"line":14,"column":8},"end":{"line":14,"column":53}},"3":{"start":{"line":15,"column":22},"end":{"line":15,"column":63}},"4":{"start":{"line":17,"column":8},"end":{"line":21,"column":9}},"5":{"start":{"line":18,"column":12},"end":{"line":18,"column":45}},"6":{"start":{"line":20,"column":12},"end":{"line":20,"column":38}},"7":{"start":{"line":23,"column":8},"end":{"line":23,"column":25}},"8":{"start":{"line":27,"column":8},"end":{"line":35,"column":9}},"9":{"start":{"line":28,"column":24},"end":{"line":28,"column":57}},"10":{"start":{"line":29,"column":12},"end":{"line":29,"column":44}},"11":{"start":{"line":30,"column":12},"end":{"line":30,"column":24}},"12":{"start":{"line":32,"column":12},"end":{"line":32,"column":74}},"13":{"start":{"line":34,"column":12},"end":{"line":34,"column":86}},"14":{"start":{"line":39,"column":8},"end":{"line":39,"column":80}},"15":{"start":{"line":43,"column":24},"end":{"line":43,"column":75}},"16":{"start":{"line":43,"column":56},"end":{"line":43,"column":74}},"17":{"start":{"line":44,"column":8},"end":{"line":44,"column":29}},"18":{"start":{"line":44,"column":22},"end":{"line":44,"column":29}},"19":{"start":{"line":46,"column":21},"end":{"line":46,"column":61}},"20":{"start":{"line":46,"column":45},"end":{"line":46,"column":60}},"21":{"start":{"line":47,"column":8},"end":{"line":51,"column":9}},"22":{"start":{"line":48,"column":12},"end":{"line":48,"column":46}},"23":{"start":{"line":49,"column":12},"end":{"line":49,"column":24}},"24":{"start":{"line":50,"column":12},"end":{"line":50,"column":29}},"25":{"start":{"line":55,"column":8},"end":{"line":55,"column":53}},"26":{"start":{"line":56,"column":8},"end":{"line":56,"column":20}},"27":{"start":{"line":57,"column":8},"end":{"line":57,"column":25}},"28":{"start":{"line":61,"column":8},"end":{"line":61,"column":93}},"29":{"start":{"line":66,"column":0},"end":{"line":66,"column":35}},"30":{"start":{"line":69,"column":0},"end":{"line":71,"column":1}},"31":{"start":{"line":70,"column":4},"end":{"line":70,"column":38}}},"fnMap":{"0":{"name":"(anonymous_0)","decl":{"start":{"line":13,"column":4},"end":{"line":13,"column":5}},"loc":{"start":{"line":13,"column":17},"end":{"line":24,"column":5}},"line":13},"1":{"name":"(anonymous_1)","decl":{"start":{"line":26,"column":4},"end":{"line":26,"column":5}},"loc":{"start":{"line":26,"column":25},"end":{"line":36,"column":5}},"line":26},"2":{"name":"(anonymous_2)","decl":{"start":{"line":38,"column":4},"end":{"line":38,"column":5}},"loc":{"start":{"line":38,"column":11},"end":{"line":40,"column":5}},"line":38},"3":{"name":"(anonymous_3)","decl":{"start":{"line":42,"column":4},"end":{"line":42,"column":5}},"loc":{"start":{"line":42,"column":46},"end":{"line":52,"column":5}},"line":42},"4":{"name":"(anonymous_4)","decl":{"start":{"line":43,"column":51},"end":{"line":43,"column":52}},"loc":{"start":{"line":43,"column":56},"end":{"line":43,"column":74}},"line":43},"5":{"name":"(anonymous_5)","decl":{"start":{"line":46,"column":40},"end":{"line":46,"column":41}},"loc":{"start":{"line":46,"column":45},"end":{"line":46,"column":60}},"line":46},"6":{"name":"(anonymous_6)","decl":{"start":{"line":54,"column":4},"end":{"line":54,"column":5}},"loc":{"start":{"line":54,"column":39},"end":{"line":58,"column":5}},"line":54},"7":{"name":"(anonymous_7)","decl":{"start":{"line":60,"column":4},"end":{"line":60,"column":5}},"loc":{"start":{"line":60,"column":16},"end":{"line":62,"column":5}},"line":60}},"branchMap":{"0":{"loc":{"start":{"line":17,"column":8},"end":{"line":21,"column":9}},"type":"if","locations":[{"start":{"line":17,"column":8},"end":{"line":21,"column":9}},{"start":{"line":19,"column":15},"end":{"line":21,"column":9}}],"line":17},"1":{"loc":{"start":{"line":44,"column":8},"end":{"line":44,"column":29}},"type":"if","locations":[{"start":{"line":44,"column":8},"end":{"line":44,"column":29}},{"start":{},"end":{}}],"line":44},"2":{"loc":{"start":{"line":47,"column":8},"end":{"line":51,"column":9}},"type":"if","locations":[{"start":{"line":47,"column":8},"end":{"line":51,"column":9}},{"start":{},"end":{}}],"line":47},"3":{"loc":{"start":{"line":54,"column":25},"end":{"line":54,"column":37}},"type":"default-arg","locations":[{"start":{"line":54,"column":35},"end":{"line":54,"column":37}}],"line":54},"4":{"loc":{"start":{"line":69,"column":0},"end":{"line":71,"column":1}},"type":"if","locations":[{"start":{"line":69,"column":0},"end":{"line":71,"column":1}},{"start":{},"end":{}}],"line":69},"5":{"loc":{"start":{"line":69,"column":4},"end":{"line":69,"column":51}},"type":"binary-expr","locations":[{"start":{"line":69,"column":4},"end":{"line":69,"column":33}},{"start":{"line":69,"column":37},"end":{"line":69,"column":51}}],"line":69}},"s":{"0":1,"1":1,"2":1,"3":1,"4":1,"5":1,"6":0,"7":1,"8":0,"9":0,"10":0,"11":0,"12":0,"13":0,"14":5,"15":5,"16":5,"17":5,"18":1,"19":4,"20":4,"21":4,"22":3,"23":3,"24":3,"25":2,"26":2,"27":2,"28":6,"29":1,"30":1,"31":1},"f":{"0":1,"1":0,"2":5,"3":5,"4":5,"5":4,"6":2,"7":6},"b":{"0":[1,0],"1":[1,4],"2":[3,1],"3":[0],"4":[1,0],"5":[1,1]},"_coverageSchema":"1a1c01bbd47fc00a2c39e90264f33305004495a9","hash":"9992995d3e1f0385ae5575a0d935eb4804d3b14c"}
}
