{"A:\\Coding\\prompantigravity\\smart-ai-stadium\\src\\components\\AssistantController.js": {"path":"A:\\Coding\\prompantigravity\\smart-ai-stadium\\src\\components\\AssistantController.js","statementMap":{"0":{"start":{"line":16,"column":28},"end":{"line":216,"column":1}},"1":{"start":{"line":27,"column":22},"end":{"line":27,"column":34}},"2":{"start":{"line":28,"column":26},"end":{"line":28,"column":89}},"3":{"start":{"line":29,"column":24},"end":{"line":29,"column":70}},"4":{"start":{"line":29,"column":51},"end":{"line":29,"column":69}},"5":{"start":{"line":31,"column":8},"end":{"line":36,"column":9}},"6":{"start":{"line":32,"column":12},"end":{"line":32,"column":111}},"7":{"start":{"line":33,"column":29},"end":{"line":33,"column":65}},"8":{"start":{"line":34,"column":12},"end":{"line":34,"column":56}},"9":{"start":{"line":34,"column":35},"end":{"line":34,"column":56}},"10":{"start":{"line":35,"column":12},"end":{"line":35,"column":28}},"11":{"start":{"line":38,"column":29},"end":{"line":49,"column":9}},"12":{"start":{"line":51,"column":8},"end":{"line":101,"column":9}},"13":{"start":{"line":52,"column":12},"end":{"line":52,"column":79}},"14":{"start":{"line":53,"column":24},"end":{"line":65,"column":14}},"15":{"start":{"line":66,"column":25},"end":{"line":66,"column":41}},"16":{"start":{"line":68,"column":31},"end":{"line":68,"column":33}},"17":{"start":{"line":69,"column":12},"end":{"line":76,"column":13}},"18":{"start":{"line":70,"column":16},"end":{"line":70,"column":83}},"19":{"start":{"line":71,"column":16},"end":{"line":71,"column":68}},"20":{"start":{"line":72,"column":19},"end":{"line":76,"column":13}},"21":{"start":{"line":73,"column":16},"end":{"line":73,"column":72}},"22":{"start":{"line":75,"column":16},"end":{"line":75,"column":68}},"23":{"start":{"line":79,"column":12},"end":{"line":85,"column":13}},"24":{"start":{"line":80,"column":37},"end":{"line":80,"column":90}},"25":{"start":{"line":81,"column":16},"end":{"line":84,"column":17}},"26":{"start":{"line":82,"column":20},"end":{"line":82,"column":99}},"27":{"start":{"line":83,"column":20},"end":{"line":83,"column":105}},"28":{"start":{"line":87,"column":12},"end":{"line":87,"column":60}},"29":{"start":{"line":87,"column":35},"end":{"line":87,"column":60}},"30":{"start":{"line":88,"column":12},"end":{"line":88,"column":32}},"31":{"start":{"line":91,"column":12},"end":{"line":91,"column":69}},"32":{"start":{"line":92,"column":30},"end":{"line":92,"column":66}},"33":{"start":{"line":94,"column":12},"end":{"line":97,"column":13}},"34":{"start":{"line":95,"column":37},"end":{"line":95,"column":90}},"35":{"start":{"line":96,"column":16},"end":{"line":96,"column":126}},"36":{"start":{"line":96,"column":43},"end":{"line":96,"column":126}},"37":{"start":{"line":99,"column":12},"end":{"line":99,"column":59}},"38":{"start":{"line":99,"column":35},"end":{"line":99,"column":59}},"39":{"start":{"line":100,"column":12},"end":{"line":100,"column":31}},"40":{"start":{"line":116,"column":8},"end":{"line":116,"column":44}},"41":{"start":{"line":116,"column":37},"end":{"line":116,"column":44}},"42":{"start":{"line":117,"column":8},"end":{"line":117,"column":40}},"43":{"start":{"line":118,"column":26},"end":{"line":118,"column":60}},"44":{"start":{"line":119,"column":8},"end":{"line":119,"column":30}},"45":{"start":{"line":121,"column":23},"end":{"line":121,"column":57}},"46":{"start":{"line":122,"column":26},"end":{"line":122,"column":107}},"47":{"start":{"line":122,"column":43},"end":{"line":122,"column":93}},"48":{"start":{"line":123,"column":8},"end":{"line":123,"column":51}},"49":{"start":{"line":123,"column":23},"end":{"line":123,"column":51}},"50":{"start":{"line":124,"column":8},"end":{"line":124,"column":48}},"51":{"start":{"line":134,"column":34},"end":{"line":134,"column":92}},"52":{"start":{"line":135,"column":8},"end":{"line":138,"column":9}},"53":{"start":{"line":136,"column":12},"end":{"line":136,"column":86}},"54":{"start":{"line":136,"column":25},"end":{"line":136,"column":86}},"55":{"start":{"line":137,"column":12},"end":{"line":137,"column":19}},"56":{"start":{"line":140,"column":8},"end":{"line":145,"column":9}},"57":{"start":{"line":141,"column":12},"end":{"line":141,"column":55}},"58":{"start":{"line":142,"column":12},"end":{"line":142,"column":48}},"59":{"start":{"line":143,"column":12},"end":{"line":143,"column":52}},"60":{"start":{"line":144,"column":12},"end":{"line":144,"column":44}},"61":{"start":{"line":147,"column":8},"end":{"line":150,"column":10}},"62":{"start":{"line":148,"column":31},"end":{"line":148,"column":61}},"63":{"start":{"line":149,"column":12},"end":{"line":149,"column":47}},"64":{"start":{"line":149,"column":26},"end":{"line":149,"column":47}},"65":{"start":{"line":152,"column":8},"end":{"line":154,"column":10}},"66":{"start":{"line":153,"column":12},"end":{"line":153,"column":46}},"67":{"start":{"line":153,"column":25},"end":{"line":153,"column":46}},"68":{"start":{"line":156,"column":8},"end":{"line":158,"column":10}},"69":{"start":{"line":157,"column":12},"end":{"line":157,"column":31}},"70":{"start":{"line":157,"column":23},"end":{"line":157,"column":31}},"71":{"start":{"line":160,"column":8},"end":{"line":160,"column":33}},"72":{"start":{"line":173,"column":18},"end":{"line":173,"column":37}},"73":{"start":{"line":174,"column":8},"end":{"line":174,"column":128}},"74":{"start":{"line":174,"column":38},"end":{"line":174,"column":128}},"75":{"start":{"line":177,"column":24},"end":{"line":209,"column":9}},"76":{"start":{"line":181,"column":32},"end":{"line":181,"column":123}},"77":{"start":{"line":181,"column":61},"end":{"line":181,"column":79}},"78":{"start":{"line":181,"column":102},"end":{"line":181,"column":119}},"79":{"start":{"line":182,"column":20},"end":{"line":182,"column":248}},"80":{"start":{"line":188,"column":34},"end":{"line":188,"column":53}},"81":{"start":{"line":189,"column":33},"end":{"line":189,"column":80}},"82":{"start":{"line":189,"column":53},"end":{"line":189,"column":76}},"83":{"start":{"line":190,"column":20},"end":{"line":193,"column":21}},"84":{"start":{"line":191,"column":36},"end":{"line":191,"column":173}},"85":{"start":{"line":191,"column":52},"end":{"line":191,"column":172}},"86":{"start":{"line":192,"column":24},"end":{"line":192,"column":187}},"87":{"start":{"line":194,"column":20},"end":{"line":194,"column":219}},"88":{"start":{"line":199,"column":28},"end":{"line":199,"column":149}},"89":{"start":{"line":203,"column":28},"end":{"line":203,"column":125}},"90":{"start":{"line":207,"column":28},"end":{"line":207,"column":119}},"91":{"start":{"line":211,"column":22},"end":{"line":211,"column":82}},"92":{"start":{"line":211,"column":45},"end":{"line":211,"column":81}},"93":{"start":{"line":211,"column":67},"end":{"line":211,"column":80}},"94":{"start":{"line":212,"column":8},"end":{"line":212,"column":39}},"95":{"start":{"line":212,"column":19},"end":{"line":212,"column":39}},"96":{"start":{"line":214,"column":8},"end":{"line":214,"column":176}},"97":{"start":{"line":218,"column":0},"end":{"line":218,"column":49}},"98":{"start":{"line":221,"column":0},"end":{"line":223,"column":1}},"99":{"start":{"line":222,"column":4},"end":{"line":222,"column":45}}},"fnMap":{"0":{"name":"(anonymous_0)","decl":{"start":{"line":26,"column":4},"end":{"line":26,"column":5}},"loc":{"start":{"line":26,"column":29},"end":{"line":102,"column":5}},"line":26},"1":{"name":"(anonymous_1)","decl":{"start":{"line":29,"column":46},"end":{"line":29,"column":47}},"loc":{"start":{"line":29,"column":51},"end":{"line":29,"column":69}},"line":29},"2":{"name":"(anonymous_2)","decl":{"start":{"line":115,"column":4},"end":{"line":115,"column":5}},"loc":{"start":{"line":115,"column":16},"end":{"line":125,"column":5}},"line":115},"3":{"name":"(anonymous_3)","decl":{"start":{"line":122,"column":38},"end":{"line":122,"column":39}},"loc":{"start":{"line":122,"column":43},"end":{"line":122,"column":93}},"line":122},"4":{"name":"(anonymous_4)","decl":{"start":{"line":133,"column":4},"end":{"line":133,"column":5}},"loc":{"start":{"line":133,"column":37},"end":{"line":161,"column":5}},"line":133},"5":{"name":"(anonymous_5)","decl":{"start":{"line":147,"column":36},"end":{"line":147,"column":37}},"loc":{"start":{"line":147,"column":47},"end":{"line":150,"column":9}},"line":147},"6":{"name":"(anonymous_6)","decl":{"start":{"line":152,"column":35},"end":{"line":152,"column":36}},"loc":{"start":{"line":152,"column":46},"end":{"line":154,"column":9}},"line":152},"7":{"name":"(anonymous_7)","decl":{"start":{"line":156,"column":33},"end":{"line":156,"column":34}},"loc":{"start":{"line":156,"column":39},"end":{"line":158,"column":9}},"line":156},"8":{"name":"(anonymous_8)","decl":{"start":{"line":172,"column":4},"end":{"line":172,"column":5}},"loc":{"start":{"line":172,"column":36},"end":{"line":215,"column":5}},"line":172},"9":{"name":"(anonymous_9)","decl":{"start":{"line":180,"column":22},"end":{"line":180,"column":23}},"loc":{"start":{"line":180,"column":28},"end":{"line":183,"column":17}},"line":180},"10":{"name":"(anonymous_10)","decl":{"start":{"line":181,"column":56},"end":{"line":181,"column":57}},"loc":{"start":{"line":181,"column":61},"end":{"line":181,"column":79}},"line":181},"11":{"name":"(anonymous_11)","decl":{"start":{"line":181,"column":93},"end":{"line":181,"column":94}},"loc":{"start":{"line":181,"column":102},"end":{"line":181,"column":119}},"line":181},"12":{"name":"(anonymous_12)","decl":{"start":{"line":187,"column":22},"end":{"line":187,"column":23}},"loc":{"start":{"line":187,"column":28},"end":{"line":195,"column":17}},"line":187},"13":{"name":"(anonymous_13)","decl":{"start":{"line":189,"column":44},"end":{"line":189,"column":45}},"loc":{"start":{"line":189,"column":53},"end":{"line":189,"column":76}},"line":189},"14":{"name":"(anonymous_14)","decl":{"start":{"line":191,"column":47},"end":{"line":191,"column":48}},"loc":{"start":{"line":191,"column":52},"end":{"line":191,"column":172}},"line":191},"15":{"name":"(anonymous_15)","decl":{"start":{"line":199,"column":22},"end":{"line":199,"column":23}},"loc":{"start":{"line":199,"column":28},"end":{"line":199,"column":149}},"line":199},"16":{"name":"(anonymous_16)","decl":{"start":{"line":203,"column":22},"end":{"line":203,"column":23}},"loc":{"start":{"line":203,"column":28},"end":{"line":203,"column":125}},"line":203},"17":{"name":"(anonymous_17)","decl":{"start":{"line":207,"column":22},"end":{"line":207,"column":23}},"loc":{"start":{"line":207,"column":28},"end":{"line":207,"column":119}},"line":207},"18":{"name":"(anonymous_18)","decl":{"start":{"line":211,"column":35},"end":{"line":211,"column":36}},"loc":{"start":{"line":211,"column":45},"end":{"line":211,"column":81}},"line":211},"19":{"name":"(anonymous_19)","decl":{"start":{"line":211,"column":62},"end":{"line":211,"column":63}},"loc":{"start":{"line":211,"column":67},"end":{"line":211,"column":80}},"line":211}},"branchMap":{"0":{"loc":{"start":{"line":28,"column":26},"end":{"line":28,"column":89}},"type":"binary-expr","locations":[{"start":{"line":28,"column":26},"end":{"line":28,"column":74}},{"start":{"line":28,"column":78},"end":{"line":28,"column":89}}],"line":28},"1":{"loc":{"start":{"line":31,"column":8},"end":{"line":36,"column":9}},"type":"if","locations":[{"start":{"line":31,"column":8},"end":{"line":36,"column":9}},{"start":{},"end":{}}],"line":31},"2":{"loc":{"start":{"line":31,"column":12},"end":{"line":31,"column":77}},"type":"binary-expr","locations":[{"start":{"line":31,"column":12},"end":{"line":31,"column":34}},{"start":{"line":31,"column":38},"end":{"line":31,"column":77}}],"line":31},"3":{"loc":{"start":{"line":34,"column":12},"end":{"line":34,"column":56}},"type":"if","locations":[{"start":{"line":34,"column":12},"end":{"line":34,"column":56}},{"start":{},"end":{}}],"line":34},"4":{"loc":{"start":{"line":40,"column":21},"end":{"line":40,"column":51}},"type":"binary-expr","locations":[{"start":{"line":40,"column":21},"end":{"line":40,"column":34}},{"start":{"line":40,"column":38},"end":{"line":40,"column":51}}],"line":40},"5":{"loc":{"start":{"line":41,"column":50},"end":{"line":41,"column":70}},"type":"binary-expr","locations":[{"start":{"line":41,"column":50},"end":{"line":41,"column":64}},{"start":{"line":41,"column":68},"end":{"line":41,"column":70}}],"line":41},"6":{"loc":{"start":{"line":41,"column":78},"end":{"line":41,"column":97}},"type":"binary-expr","locations":[{"start":{"line":41,"column":78},"end":{"line":41,"column":91}},{"start":{"line":41,"column":95},"end":{"line":41,"column":97}}],"line":41},"7":{"loc":{"start":{"line":41,"column":110},"end":{"line":41,"column":132}},"type":"binary-expr","locations":[{"start":{"line":41,"column":110},"end":{"line":41,"column":126}},{"start":{"line":41,"column":130},"end":{"line":41,"column":132}}],"line":41},"8":{"loc":{"start":{"line":45,"column":158},"end":{"line":45,"column":184}},"type":"binary-expr","locations":[{"start":{"line":45,"column":158},"end":{"line":45,"column":171}},{"start":{"line":45,"column":175},"end":{"line":45,"column":184}}],"line":45},"9":{"loc":{"start":{"line":69,"column":12},"end":{"line":76,"column":13}},"type":"if","locations":[{"start":{"line":69,"column":12},"end":{"line":76,"column":13}},{"start":{"line":72,"column":19},"end":{"line":76,"column":13}}],"line":69},"10":{"loc":{"start":{"line":72,"column":19},"end":{"line":76,"column":13}},"type":"if","locations":[{"start":{"line":72,"column":19},"end":{"line":76,"column":13}},{"start":{"line":74,"column":19},"end":{"line":76,"column":13}}],"line":72},"11":{"loc":{"start":{"line":79,"column":12},"end":{"line":85,"column":13}},"type":"if","locations":[{"start":{"line":79,"column":12},"end":{"line":85,"column":13}},{"start":{},"end":{}}],"line":79},"12":{"loc":{"start":{"line":79,"column":16},"end":{"line":79,"column":50}},"type":"binary-expr","locations":[{"start":{"line":79,"column":16},"end":{"line":79,"column":41}},{"start":{"line":79,"column":45},"end":{"line":79,"column":50}}],"line":79},"13":{"loc":{"start":{"line":81,"column":16},"end":{"line":84,"column":17}},"type":"if","locations":[{"start":{"line":81,"column":16},"end":{"line":84,"column":17}},{"start":{},"end":{}}],"line":81},"14":{"loc":{"start":{"line":87,"column":12},"end":{"line":87,"column":60}},"type":"if","locations":[{"start":{"line":87,"column":12},"end":{"line":87,"column":60}},{"start":{},"end":{}}],"line":87},"15":{"loc":{"start":{"line":94,"column":12},"end":{"line":97,"column":13}},"type":"if","locations":[{"start":{"line":94,"column":12},"end":{"line":97,"column":13}},{"start":{},"end":{}}],"line":94},"16":{"loc":{"start":{"line":94,"column":16},"end":{"line":94,"column":50}},"type":"binary-expr","locations":[{"start":{"line":94,"column":16},"end":{"line":94,"column":41}},{"start":{"line":94,"column":45},"end":{"line":94,"column":50}}],"line":94},"17":{"loc":{"start":{"line":96,"column":16},"end":{"line":96,"column":126}},"type":"if","locations":[{"start":{"line":96,"column":16},"end":{"line":96,"column":126}},{"start":{},"end":{}}],"line":96},"18":{"loc":{"start":{"line":99,"column":12},"end":{"line":99,"column":59}},"type":"if","locations":[{"start":{"line":99,"column":12},"end":{"line":99,"column":59}},{"start":{},"end":{}}],"line":99},"19":{"loc":{"start":{"line":116,"column":8},"end":{"line":116,"column":44}},"type":"if","locations":[{"start":{"line":116,"column":8},"end":{"line":116,"column":44}},{"start":{},"end":{}}],"line":116},"20":{"loc":{"start":{"line":122,"column":26},"end":{"line":122,"column":107}},"type":"binary-expr","locations":[{"start":{"line":122,"column":26},"end":{"line":122,"column":94}},{"start":{"line":122,"column":98},"end":{"line":122,"column":107}}],"line":122},"21":{"loc":{"start":{"line":122,"column":43},"end":{"line":122,"column":93}},"type":"binary-expr","locations":[{"start":{"line":122,"column":43},"end":{"line":122,"column":64}},{"start":{"line":122,"column":68},"end":{"line":122,"column":93}}],"line":122},"22":{"loc":{"start":{"line":123,"column":8},"end":{"line":123,"column":51}},"type":"if","locations":[{"start":{"line":123,"column":8},"end":{"line":123,"column":51}},{"start":{},"end":{}}],"line":123},"23":{"loc":{"start":{"line":134,"column":34},"end":{"line":134,"column":92}},"type":"binary-expr","locations":[{"start":{"line":134,"column":34},"end":{"line":134,"column":58}},{"start":{"line":134,"column":62},"end":{"line":134,"column":92}}],"line":134},"24":{"loc":{"start":{"line":135,"column":8},"end":{"line":138,"column":9}},"type":"if","locations":[{"start":{"line":135,"column":8},"end":{"line":138,"column":9}},{"start":{},"end":{}}],"line":135},"25":{"loc":{"start":{"line":136,"column":12},"end":{"line":136,"column":86}},"type":"if","locations":[{"start":{"line":136,"column":12},"end":{"line":136,"column":86}},{"start":{},"end":{}}],"line":136},"26":{"loc":{"start":{"line":140,"column":8},"end":{"line":145,"column":9}},"type":"if","locations":[{"start":{"line":140,"column":8},"end":{"line":145,"column":9}},{"start":{},"end":{}}],"line":140},"27":{"loc":{"start":{"line":149,"column":12},"end":{"line":149,"column":47}},"type":"if","locations":[{"start":{"line":149,"column":12},"end":{"line":149,"column":47}},{"start":{},"end":{}}],"line":149},"28":{"loc":{"start":{"line":153,"column":12},"end":{"line":153,"column":46}},"type":"if","locations":[{"start":{"line":153,"column":12},"end":{"line":153,"column":46}},{"start":{},"end":{}}],"line":153},"29":{"loc":{"start":{"line":157,"column":12},"end":{"line":157,"column":31}},"type":"if","locations":[{"start":{"line":157,"column":12},"end":{"line":157,"column":31}},{"start":{},"end":{}}],"line":157},"30":{"loc":{"start":{"line":174,"column":8},"end":{"line":174,"column":128}},"type":"if","locations":[{"start":{"line":174,"column":8},"end":{"line":174,"column":128}},{"start":{},"end":{}}],"line":174},"31":{"loc":{"start":{"line":181,"column":33},"end":{"line":181,"column":86}},"type":"binary-expr","locations":[{"start":{"line":181,"column":33},"end":{"line":181,"column":80}},{"start":{"line":181,"column":84},"end":{"line":181,"column":86}}],"line":181},"32":{"loc":{"start":{"line":182,"column":27},"end":{"line":182,"column":247}},"type":"cond-expr","locations":[{"start":{"line":182,"column":33},"end":{"line":182,"column":156}},{"start":{"line":182,"column":159},"end":{"line":182,"column":247}}],"line":182},"33":{"loc":{"start":{"line":188,"column":34},"end":{"line":188,"column":53}},"type":"binary-expr","locations":[{"start":{"line":188,"column":34},"end":{"line":188,"column":47}},{"start":{"line":188,"column":51},"end":{"line":188,"column":53}}],"line":188},"34":{"loc":{"start":{"line":190,"column":20},"end":{"line":193,"column":21}},"type":"if","locations":[{"start":{"line":190,"column":20},"end":{"line":193,"column":21}},{"start":{},"end":{}}],"line":190},"35":{"loc":{"start":{"line":190,"column":24},"end":{"line":190,"column":87}},"type":"binary-expr","locations":[{"start":{"line":190,"column":24},"end":{"line":190,"column":42}},{"start":{"line":190,"column":46},"end":{"line":190,"column":63}},{"start":{"line":190,"column":67},"end":{"line":190,"column":87}}],"line":190},"36":{"loc":{"start":{"line":191,"column":52},"end":{"line":191,"column":172}},"type":"binary-expr","locations":[{"start":{"line":191,"column":52},"end":{"line":191,"column":88}},{"start":{"line":191,"column":92},"end":{"line":191,"column":131}},{"start":{"line":191,"column":135},"end":{"line":191,"column":172}}],"line":191},"37":{"loc":{"start":{"line":192,"column":31},"end":{"line":192,"column":186}},"type":"cond-expr","locations":[{"start":{"line":192,"column":37},"end":{"line":192,"column":128}},{"start":{"line":192,"column":131},"end":{"line":192,"column":186}}],"line":192},"38":{"loc":{"start":{"line":194,"column":27},"end":{"line":194,"column":218}},"type":"cond-expr","locations":[{"start":{"line":194,"column":34},"end":{"line":194,"column":141}},{"start":{"line":194,"column":144},"end":{"line":194,"column":218}}],"line":194},"39":{"loc":{"start":{"line":212,"column":8},"end":{"line":212,"column":39}},"type":"if","locations":[{"start":{"line":212,"column":8},"end":{"line":212,"column":39}},{"start":{},"end":{}}],"line":212},"40":{"loc":{"start":{"line":221,"column":0},"end":{"line":223,"column":1}},"type":"if","locations":[{"start":{"line":221,"column":0},"end":{"line":223,"column":1}},{"start":{},"end":{}}],"line":221},"41":{"loc":{"start":{"line":221,"column":4},"end":{"line":221,"column":51}},"type":"binary-expr","locations":[{"start":{"line":221,"column":4},"end":{"line":221,"column":33}},{"start":{"line":221,"column":37},"end":{"line":221,"column":51}}],"line":221}},"s":{"0":1,"1":8,"2":8,"3":8,"4":7,"5":8,"6":2,"7":2,"8":2,"9":2,"10":2,"11":6,"12":6,"13":6,"14":6,"15":5,"16":5,"17":5,"18":1,"19":1,"20":4,"21":3,"22":1,"23":5,"24":5,"25":5,"26":1,"27":1,"28":5,"29":5,"30":5,"31":1,"32":1,"33":1,"34":1,"35":1,"36":0,"37":1,"38":1,"39":1,"40":0,"41":0,"42":0,"43":0,"44":0,"45":0,"46":0,"47":0,"48":0,"49":0,"50":0,"51":1,"52":1,"53":0,"54":0,"55":0,"56":1,"57":0,"58":0,"59":0,"60":0,"61":1,"62":1,"63":1,"64":1,"65":1,"66":0,"67":0,"68":1,"69":0,"70":0,"71":1,"72":16,"73":16,"74":1,"75":15,"76":2,"77":2,"78":1,"79":2,"80":5,"81":5,"82":4,"83":5,"84":2,"85":2,"86":2,"87":3,"88":0,"89":1,"90":1,"91":15,"92":51,"93":386,"94":15,"95":9,"96":6,"97":1,"98":1,"99":1},"f":{"0":8,"1":7,"2":0,"3":0,"4":1,"5":1,"6":0,"7":0,"8":16,"9":2,"10":2,"11":1,"12":5,"13":4,"14":2,"15":0,"16":1,"17":1,"18":51,"19":386},"b":{"0":[8,1],"1":[2,6],"2":[8,7],"3":[2,0],"4":[6,1],"5":[6,1],"6":[6,0],"7":[6,0],"8":[6,1],"9":[1,4],"10":[3,1],"11":[5,0],"12":[5,5],"13":[1,4],"14":[5,0],"15":[1,0],"16":[1,1],"17":[0,1],"18":[1,0],"19":[0,0],"20":[0,0],"21":[0,0],"22":[0,0],"23":[1,0],"24":[0,1],"25":[0,0],"26":[0,1],"27":[1,0],"28":[0,0],"29":[0,0],"30":[1,15],"31":[2,1],"32":[1,1],"33":[5,1],"34":[2,3],"35":[5,4,4],"36":[2,0,0],"37":[2,0],"38":[2,1],"39":[9,6],"40":[1,0],"41":[1,1]},"_coverageSchema":"1a1c01bbd47fc00a2c39e90264f33305004495a9","hash":"e95b42f398b49ff07c62b29375a2f041f6c433c7"}
,"A:\\Coding\\prompantigravity\\smart-ai-stadium\\src\\engine\\simulator.js": {"path":"A:\\Coding\\prompantigravity\\smart-ai-stadium\\src\\engine\\simulator.js","statementMap":{"0":{"start":{"line":20,"column":25},"end":{"line":114,"column":1}},"1":{"start":{"line":36,"column":8},"end":{"line":36,"column":86}},"2":{"start":{"line":39,"column":8},"end":{"line":42,"column":9}},"3":{"start":{"line":40,"column":28},"end":{"line":40,"column":69}},"4":{"start":{"line":41,"column":12},"end":{"line":41,"column":60}},"5":{"start":{"line":41,"column":25},"end":{"line":41,"column":60}},"6":{"start":{"line":45,"column":27},"end":{"line":45,"column":73}},"7":{"start":{"line":46,"column":8},"end":{"line":50,"column":9}},"8":{"start":{"line":47,"column":12},"end":{"line":47,"column":53}},"9":{"start":{"line":48,"column":12},"end":{"line":48,"column":92}},"10":{"start":{"line":49,"column":12},"end":{"line":49,"column":101}},"11":{"start":{"line":53,"column":8},"end":{"line":73,"column":9}},"12":{"start":{"line":54,"column":12},"end":{"line":70,"column":13}},"13":{"start":{"line":55,"column":16},"end":{"line":55,"column":74}},"14":{"start":{"line":62,"column":16},"end":{"line":67,"column":18}},"15":{"start":{"line":63,"column":38},"end":{"line":63,"column":44}},"16":{"start":{"line":64,"column":20},"end":{"line":64,"column":41}},"17":{"start":{"line":65,"column":20},"end":{"line":65,"column":85}},"18":{"start":{"line":66,"column":20},"end":{"line":66,"column":98}},"19":{"start":{"line":69,"column":16},"end":{"line":69,"column":103}},"20":{"start":{"line":72,"column":12},"end":{"line":72,"column":71}},"21":{"start":{"line":76,"column":8},"end":{"line":76,"column":76}},"22":{"start":{"line":76,"column":26},"end":{"line":76,"column":37}},"23":{"start":{"line":85,"column":8},"end":{"line":85,"column":50}},"24":{"start":{"line":85,"column":43},"end":{"line":85,"column":50}},"25":{"start":{"line":87,"column":8},"end":{"line":87,"column":25}},"26":{"start":{"line":90,"column":8},"end":{"line":94,"column":9}},"27":{"start":{"line":91,"column":12},"end":{"line":91,"column":60}},"28":{"start":{"line":92,"column":12},"end":{"line":92,"column":31}},"29":{"start":{"line":93,"column":12},"end":{"line":93,"column":77}},"30":{"start":{"line":97,"column":8},"end":{"line":97,"column":74}},"31":{"start":{"line":98,"column":8},"end":{"line":98,"column":70}},"32":{"start":{"line":101,"column":8},"end":{"line":104,"column":11}},"33":{"start":{"line":112,"column":8},"end":{"line":112,"column":104}},"34":{"start":{"line":116,"column":0},"end":{"line":118,"column":1}},"35":{"start":{"line":117,"column":4},"end":{"line":117,"column":53}},"36":{"start":{"line":117,"column":21},"end":{"line":117,"column":45}},"37":{"start":{"line":119,"column":0},"end":{"line":119,"column":43}},"38":{"start":{"line":122,"column":0},"end":{"line":124,"column":1}},"39":{"start":{"line":123,"column":4},"end":{"line":123,"column":42}}},"fnMap":{"0":{"name":"(anonymous_0)","decl":{"start":{"line":35,"column":4},"end":{"line":35,"column":5}},"loc":{"start":{"line":35,"column":12},"end":{"line":77,"column":5}},"line":35},"1":{"name":"(anonymous_1)","decl":{"start":{"line":62,"column":40},"end":{"line":62,"column":41}},"loc":{"start":{"line":62,"column":47},"end":{"line":67,"column":17}},"line":62},"2":{"name":"(anonymous_2)","decl":{"start":{"line":76,"column":20},"end":{"line":76,"column":21}},"loc":{"start":{"line":76,"column":26},"end":{"line":76,"column":37}},"line":76},"3":{"name":"(anonymous_3)","decl":{"start":{"line":84,"column":4},"end":{"line":84,"column":5}},"loc":{"start":{"line":84,"column":11},"end":{"line":105,"column":5}},"line":84},"4":{"name":"(anonymous_4)","decl":{"start":{"line":111,"column":4},"end":{"line":111,"column":5}},"loc":{"start":{"line":111,"column":19},"end":{"line":113,"column":5}},"line":111},"5":{"name":"(anonymous_5)","decl":{"start":{"line":117,"column":15},"end":{"line":117,"column":16}},"loc":{"start":{"line":117,"column":21},"end":{"line":117,"column":45}},"line":117}},"branchMap":{"0":{"loc":{"start":{"line":39,"column":8},"end":{"line":42,"column":9}},"type":"if","locations":[{"start":{"line":39,"column":8},"end":{"line":42,"column":9}},{"start":{},"end":{}}],"line":39},"1":{"loc":{"start":{"line":41,"column":12},"end":{"line":41,"column":60}},"type":"if","locations":[{"start":{"line":41,"column":12},"end":{"line":41,"column":60}},{"start":{},"end":{}}],"line":41},"2":{"loc":{"start":{"line":46,"column":8},"end":{"line":50,"column":9}},"type":"if","locations":[{"start":{"line":46,"column":8},"end":{"line":50,"column":9}},{"start":{},"end":{}}],"line":46},"3":{"loc":{"start":{"line":48,"column":38},"end":{"line":48,"column":90}},"type":"binary-expr","locations":[{"start":{"line":48,"column":38},"end":{"line":48,"column":83}},{"start":{"line":48,"column":87},"end":{"line":48,"column":90}}],"line":48},"4":{"loc":{"start":{"line":53,"column":8},"end":{"line":73,"column":9}},"type":"if","locations":[{"start":{"line":53,"column":8},"end":{"line":73,"column":9}},{"start":{"line":71,"column":15},"end":{"line":73,"column":9}}],"line":53},"5":{"loc":{"start":{"line":76,"column":39},"end":{"line":76,"column":74}},"type":"binary-expr","locations":[{"start":{"line":76,"column":39},"end":{"line":76,"column":65}},{"start":{"line":76,"column":69},"end":{"line":76,"column":74}}],"line":76},"6":{"loc":{"start":{"line":85,"column":8},"end":{"line":85,"column":50}},"type":"if","locations":[{"start":{"line":85,"column":8},"end":{"line":85,"column":50}},{"start":{},"end":{}}],"line":85},"7":{"loc":{"start":{"line":85,"column":12},"end":{"line":85,"column":41}},"type":"binary-expr","locations":[{"start":{"line":85,"column":12},"end":{"line":85,"column":25}},{"start":{"line":85,"column":29},"end":{"line":85,"column":41}}],"line":85},"8":{"loc":{"start":{"line":90,"column":8},"end":{"line":94,"column":9}},"type":"if","locations":[{"start":{"line":90,"column":8},"end":{"line":94,"column":9}},{"start":{},"end":{}}],"line":90},"9":{"loc":{"start":{"line":116,"column":0},"end":{"line":118,"column":1}},"type":"if","locations":[{"start":{"line":116,"column":0},"end":{"line":118,"column":1}},{"start":{},"end":{}}],"line":116},"10":{"loc":{"start":{"line":122,"column":0},"end":{"line":124,"column":1}},"type":"if","locations":[{"start":{"line":122,"column":0},"end":{"line":124,"column":1}},{"start":{},"end":{}}],"line":122},"11":{"loc":{"start":{"line":122,"column":4},"end":{"line":122,"column":51}},"type":"binary-expr","locations":[{"start":{"line":122,"column":4},"end":{"line":122,"column":33}},{"start":{"line":122,"column":37},"end":{"line":122,"column":51}}],"line":122}},"s":{"0":2,"1":9,"2":9,"3":2,"4":2,"5":2,"6":9,"7":9,"8":2,"9":2,"10":2,"11":9,"12":8,"13":8,"14":7,"15":1,"16":1,"17":1,"18":1,"19":1,"20":1,"21":9,"22":0,"23":4,"24":1,"25":3,"26":3,"27":2,"28":2,"29":2,"30":3,"31":3,"32":3,"33":5,"34":2,"35":1,"36":1,"37":2,"38":2,"39":2},"f":{"0":9,"1":1,"2":0,"3":4,"4":5,"5":1},"b":{"0":[2,7],"1":[2,0],"2":[2,7],"3":[2,1],"4":[8,1],"5":[9,1],"6":[1,3],"7":[4,3],"8":[2,1],"9":[1,1],"10":[2,0],"11":[2,2]},"_coverageSchema":"1a1c01bbd47fc00a2c39e90264f33305004495a9","hash":"de9b252fc2ec37cc47d3172173df4d12b54648cb"}
,"A:\\Coding\\prompantigravity\\smart-ai-stadium\\src\\engine\\state.js": {"path":"A:\\Coding\\prompantigravity\\smart-ai-stadium\\src\\engine\\state.js","statementMap":{"0":{"start":{"line":12,"column":0},"end":{"line":16,"column":2}},"1":{"start":{"line":24,"column":21},"end":{"line":107,"column":1}},"2":{"start":{"line":33,"column":8},"end":{"line":33,"column":53}},"3":{"start":{"line":34,"column":22},"end":{"line":34,"column":63}},"4":{"start":{"line":36,"column":8},"end":{"line":40,"column":9}},"5":{"start":{"line":37,"column":12},"end":{"line":37,"column":45}},"6":{"start":{"line":39,"column":12},"end":{"line":39,"column":38}},"7":{"start":{"line":42,"column":8},"end":{"line":42,"column":25}},"8":{"start":{"line":51,"column":8},"end":{"line":59,"column":9}},"9":{"start":{"line":52,"column":24},"end":{"line":52,"column":57}},"10":{"start":{"line":53,"column":12},"end":{"line":53,"column":44}},"11":{"start":{"line":54,"column":12},"end":{"line":54,"column":24}},"12":{"start":{"line":56,"column":12},"end":{"line":56,"column":74}},"13":{"start":{"line":58,"column":12},"end":{"line":58,"column":86}},"14":{"start":{"line":66,"column":8},"end":{"line":66,"column":80}},"15":{"start":{"line":77,"column":24},"end":{"line":77,"column":75}},"16":{"start":{"line":77,"column":56},"end":{"line":77,"column":74}},"17":{"start":{"line":78,"column":8},"end":{"line":78,"column":29}},"18":{"start":{"line":78,"column":22},"end":{"line":78,"column":29}},"19":{"start":{"line":80,"column":21},"end":{"line":80,"column":61}},"20":{"start":{"line":80,"column":45},"end":{"line":80,"column":60}},"21":{"start":{"line":81,"column":8},"end":{"line":85,"column":9}},"22":{"start":{"line":82,"column":12},"end":{"line":82,"column":46}},"23":{"start":{"line":83,"column":12},"end":{"line":83,"column":24}},"24":{"start":{"line":84,"column":12},"end":{"line":84,"column":29}},"25":{"start":{"line":95,"column":8},"end":{"line":95,"column":53}},"26":{"start":{"line":96,"column":8},"end":{"line":96,"column":20}},"27":{"start":{"line":97,"column":8},"end":{"line":97,"column":25}},"28":{"start":{"line":105,"column":8},"end":{"line":105,"column":93}},"29":{"start":{"line":110,"column":0},"end":{"line":110,"column":35}},"30":{"start":{"line":113,"column":0},"end":{"line":115,"column":1}},"31":{"start":{"line":114,"column":4},"end":{"line":114,"column":38}}},"fnMap":{"0":{"name":"(anonymous_0)","decl":{"start":{"line":32,"column":4},"end":{"line":32,"column":5}},"loc":{"start":{"line":32,"column":17},"end":{"line":43,"column":5}},"line":32},"1":{"name":"(anonymous_1)","decl":{"start":{"line":50,"column":4},"end":{"line":50,"column":5}},"loc":{"start":{"line":50,"column":25},"end":{"line":60,"column":5}},"line":50},"2":{"name":"(anonymous_2)","decl":{"start":{"line":65,"column":4},"end":{"line":65,"column":5}},"loc":{"start":{"line":65,"column":11},"end":{"line":67,"column":5}},"line":65},"3":{"name":"(anonymous_3)","decl":{"start":{"line":76,"column":4},"end":{"line":76,"column":5}},"loc":{"start":{"line":76,"column":46},"end":{"line":86,"column":5}},"line":76},"4":{"name":"(anonymous_4)","decl":{"start":{"line":77,"column":51},"end":{"line":77,"column":52}},"loc":{"start":{"line":77,"column":56},"end":{"line":77,"column":74}},"line":77},"5":{"name":"(anonymous_5)","decl":{"start":{"line":80,"column":40},"end":{"line":80,"column":41}},"loc":{"start":{"line":80,"column":45},"end":{"line":80,"column":60}},"line":80},"6":{"name":"(anonymous_6)","decl":{"start":{"line":94,"column":4},"end":{"line":94,"column":5}},"loc":{"start":{"line":94,"column":39},"end":{"line":98,"column":5}},"line":94},"7":{"name":"(anonymous_7)","decl":{"start":{"line":104,"column":4},"end":{"line":104,"column":5}},"loc":{"start":{"line":104,"column":16},"end":{"line":106,"column":5}},"line":104}},"branchMap":{"0":{"loc":{"start":{"line":36,"column":8},"end":{"line":40,"column":9}},"type":"if","locations":[{"start":{"line":36,"column":8},"end":{"line":40,"column":9}},{"start":{"line":38,"column":15},"end":{"line":40,"column":9}}],"line":36},"1":{"loc":{"start":{"line":78,"column":8},"end":{"line":78,"column":29}},"type":"if","locations":[{"start":{"line":78,"column":8},"end":{"line":78,"column":29}},{"start":{},"end":{}}],"line":78},"2":{"loc":{"start":{"line":81,"column":8},"end":{"line":85,"column":9}},"type":"if","locations":[{"start":{"line":81,"column":8},"end":{"line":85,"column":9}},{"start":{},"end":{}}],"line":81},"3":{"loc":{"start":{"line":94,"column":25},"end":{"line":94,"column":37}},"type":"default-arg","locations":[{"start":{"line":94,"column":35},"end":{"line":94,"column":37}}],"line":94},"4":{"loc":{"start":{"line":113,"column":0},"end":{"line":115,"column":1}},"type":"if","locations":[{"start":{"line":113,"column":0},"end":{"line":115,"column":1}},{"start":{},"end":{}}],"line":113},"5":{"loc":{"start":{"line":113,"column":4},"end":{"line":113,"column":51}},"type":"binary-expr","locations":[{"start":{"line":113,"column":4},"end":{"line":113,"column":33}},{"start":{"line":113,"column":37},"end":{"line":113,"column":51}}],"line":113}},"s":{"0":1,"1":1,"2":3,"3":3,"4":3,"5":1,"6":2,"7":3,"8":2,"9":2,"10":1,"11":1,"12":1,"13":1,"14":5,"15":3,"16":3,"17":3,"18":1,"19":2,"20":2,"21":2,"22":1,"23":1,"24":1,"25":3,"26":3,"27":3,"28":7,"29":1,"30":1,"31":1},"f":{"0":3,"1":2,"2":5,"3":3,"4":3,"5":2,"6":3,"7":7},"b":{"0":[1,2],"1":[1,2],"2":[1,1],"3":[1],"4":[1,0],"5":[1,1]},"_coverageSchema":"1a1c01bbd47fc00a2c39e90264f33305004495a9","hash":"e94e7464149b2e70df24d2ee329134672b154442"}
}
