TN:
SF:src\components\AssistantController.js
FN:9,(anonymous_0)
FN:12,(anonymous_1)
FN:75,(anonymous_2)
FN:82,(anonymous_3)
FN:87,(anonymous_4)
FN:101,(anonymous_5)
FN:106,(anonymous_6)
FN:110,(anonymous_7)
FN:117,(anonymous_8)
FN:125,(anonymous_9)
FN:126,(anonymous_10)
FN:126,(anonymous_11)
FN:132,(anonymous_12)
FN:134,(anonymous_13)
FN:136,(anonymous_14)
FN:144,(anonymous_15)
FN:148,(anonymous_16)
FN:152,(anonymous_17)
FN:156,(anonymous_18)
FN:156,(anonymous_19)
FNF:20
FNH:12
FNDA:0,(anonymous_0)
FNDA:0,(anonymous_1)
FNDA:0,(anonymous_2)
FNDA:0,(anonymous_3)
FNDA:0,(anonymous_4)
FNDA:0,(anonymous_5)
FNDA:0,(anonymous_6)
FNDA:0,(anonymous_7)
FNDA:13,(anonymous_8)
FNDA:4,(anonymous_9)
FNDA:6,(anonymous_10)
FNDA:3,(anonymous_11)
FNDA:4,(anonymous_12)
FNDA:4,(anonymous_13)
FNDA:2,(anonymous_14)
FNDA:1,(anonymous_15)
FNDA:1,(anonymous_16)
FNDA:1,(anonymous_17)
FNDA:29,(anonymous_18)
FNDA:199,(anonymous_19)
DA:6,1
DA:10,0
DA:11,0
DA:12,0
DA:14,0
DA:15,0
DA:16,0
DA:17,0
DA:18,0
DA:21,0
DA:34,0
DA:35,0
DA:36,0
DA:49,0
DA:51,0
DA:52,0
DA:53,0
DA:54,0
DA:55,0
DA:56,0
DA:58,0
DA:61,0
DA:62,0
DA:65,0
DA:66,0
DA:67,0
DA:68,0
DA:76,0
DA:77,0
DA:78,0
DA:79,0
DA:81,0
DA:82,0
DA:83,0
DA:84,0
DA:88,0
DA:89,0
DA:90,0
DA:91,0
DA:94,0
DA:95,0
DA:96,0
DA:97,0
DA:98,0
DA:101,0
DA:102,0
DA:103,0
DA:106,0
DA:107,0
DA:110,0
DA:111,0
DA:114,0
DA:118,13
DA:119,13
DA:122,12
DA:126,6
DA:127,4
DA:133,4
DA:134,4
DA:135,4
DA:136,2
DA:137,2
DA:139,2
DA:144,1
DA:148,1
DA:152,1
DA:156,199
DA:157,12
DA:159,1
DA:163,1
DA:166,1
DA:167,1
LF:72
LH:21
BRDA:11,0,0,0
BRDA:11,0,1,0
BRDA:14,1,0,0
BRDA:14,1,1,0
BRDA:14,2,0,0
BRDA:14,2,1,0
BRDA:17,3,0,0
BRDA:17,3,1,0
BRDA:23,4,0,0
BRDA:23,4,1,0
BRDA:24,5,0,0
BRDA:24,5,1,0
BRDA:24,6,0,0
BRDA:24,6,1,0
BRDA:24,7,0,0
BRDA:24,7,1,0
BRDA:28,8,0,0
BRDA:28,8,1,0
BRDA:52,9,0,0
BRDA:52,9,1,0
BRDA:55,10,0,0
BRDA:55,10,1,0
BRDA:61,11,0,0
BRDA:61,11,1,0
BRDA:67,12,0,0
BRDA:67,12,1,0
BRDA:76,13,0,0
BRDA:76,13,1,0
BRDA:82,14,0,0
BRDA:82,14,1,0
BRDA:82,15,0,0
BRDA:82,15,1,0
BRDA:83,16,0,0
BRDA:83,16,1,0
BRDA:88,17,0,0
BRDA:88,17,1,0
BRDA:89,18,0,0
BRDA:89,18,1,0
BRDA:90,19,0,0
BRDA:90,19,1,0
BRDA:94,20,0,0
BRDA:94,20,1,0
BRDA:103,21,0,0
BRDA:103,21,1,0
BRDA:107,22,0,0
BRDA:107,22,1,0
BRDA:111,23,0,0
BRDA:111,23,1,0
BRDA:119,24,0,1
BRDA:119,24,1,12
BRDA:126,25,0,4
BRDA:126,25,1,1
BRDA:127,26,0,3
BRDA:127,26,1,1
BRDA:133,27,0,4
BRDA:133,27,1,0
BRDA:135,28,0,2
BRDA:135,28,1,2
BRDA:135,29,0,4
BRDA:135,29,1,4
BRDA:135,29,2,3
BRDA:136,30,0,2
BRDA:136,30,1,0
BRDA:137,31,0,2
BRDA:137,31,1,0
BRDA:139,32,0,2
BRDA:139,32,1,0
BRDA:157,33,0,11
BRDA:157,33,1,1
BRDA:166,34,0,1
BRDA:166,34,1,0
BRDA:166,35,0,1
BRDA:166,35,1,1
BRF:73
BRH:20
end_of_record
TN:
SF:src\engine\simulator.js
FN:12,(anonymous_0)
FN:35,(anonymous_1)
FN:51,(anonymous_2)
FN:54,(anonymous_3)
FN:77,(anonymous_4)
FN:83,(anonymous_5)
FNF:6
FNH:3
FNDA:1,(anonymous_0)
FNDA:0,(anonymous_1)
FNDA:0,(anonymous_2)
FNDA:7,(anonymous_3)
FNDA:5,(anonymous_4)
FNDA:0,(anonymous_5)
DA:6,1
DA:13,1
DA:16,1
DA:17,0
DA:18,0
DA:22,1
DA:23,1
DA:24,1
DA:25,1
DA:26,1
DA:30,1
DA:31,1
DA:32,1
DA:35,0
DA:36,0
DA:37,0
DA:40,0
DA:41,0
DA:44,1
DA:47,0
DA:51,1
DA:55,7
DA:57,5
DA:60,5
DA:61,2
DA:62,2
DA:63,2
DA:67,5
DA:68,5
DA:71,5
DA:78,5
DA:82,1
DA:83,0
DA:85,1
DA:88,1
DA:89,1
LF:36
LH:27
BRDA:16,0,0,0
BRDA:16,0,1,1
BRDA:18,1,0,0
BRDA:18,1,1,0
BRDA:23,2,0,1
BRDA:23,2,1,0
BRDA:25,3,0,1
BRDA:25,3,1,0
BRDA:30,4,0,1
BRDA:30,4,1,0
BRDA:51,5,0,1
BRDA:51,5,1,0
BRDA:55,6,0,2
BRDA:55,6,1,5
BRDA:55,7,0,7
BRDA:55,7,1,6
BRDA:60,8,0,2
BRDA:60,8,1,3
BRDA:82,9,0,0
BRDA:82,9,1,1
BRDA:88,10,0,1
BRDA:88,10,1,0
BRDA:88,11,0,1
BRDA:88,11,1,1
BRF:24
BRH:15
end_of_record
TN:
SF:src\engine\state.js
FN:13,(anonymous_0)
FN:26,(anonymous_1)
FN:38,(anonymous_2)
FN:42,(anonymous_3)
FN:43,(anonymous_4)
FN:46,(anonymous_5)
FN:54,(anonymous_6)
FN:60,(anonymous_7)
FNF:8
FNH:7
FNDA:1,(anonymous_0)
FNDA:0,(anonymous_1)
FNDA:5,(anonymous_2)
FNDA:5,(anonymous_3)
FNDA:5,(anonymous_4)
FNDA:4,(anonymous_5)
FNDA:2,(anonymous_6)
FNDA:6,(anonymous_7)
DA:6,1
DA:12,1
DA:14,1
DA:15,1
DA:17,1
DA:18,1
DA:20,0
DA:23,1
DA:27,0
DA:28,0
DA:29,0
DA:30,0
DA:32,0
DA:34,0
DA:39,5
DA:43,5
DA:44,5
DA:46,4
DA:47,4
DA:48,3
DA:49,3
DA:50,3
DA:55,2
DA:56,2
DA:57,2
DA:61,6
DA:66,1
DA:69,1
DA:70,1
LF:29
LH:22
BRDA:17,0,0,1
BRDA:17,0,1,0
BRDA:44,1,0,1
BRDA:44,1,1,4
BRDA:47,2,0,3
BRDA:47,2,1,1
BRDA:54,3,0,0
BRDA:69,4,0,1
BRDA:69,4,1,0
BRDA:69,5,0,1
BRDA:69,5,1,1
BRF:11
BRH:8
end_of_record
