TN:
SF:src\components\AssistantController.js
FN:26,(anonymous_0)
FN:29,(anonymous_1)
FN:115,(anonymous_2)
FN:122,(anonymous_3)
FN:133,(anonymous_4)
FN:147,(anonymous_5)
FN:152,(anonymous_6)
FN:156,(anonymous_7)
FN:172,(anonymous_8)
FN:180,(anonymous_9)
FN:181,(anonymous_10)
FN:181,(anonymous_11)
FN:187,(anonymous_12)
FN:189,(anonymous_13)
FN:191,(anonymous_14)
FN:199,(anonymous_15)
FN:203,(anonymous_16)
FN:207,(anonymous_17)
FN:211,(anonymous_18)
FN:211,(anonymous_19)
FNF:20
FNH:15
FNDA:8,(anonymous_0)
FNDA:7,(anonymous_1)
FNDA:0,(anonymous_2)
FNDA:0,(anonymous_3)
FNDA:1,(anonymous_4)
FNDA:1,(anonymous_5)
FNDA:0,(anonymous_6)
FNDA:0,(anonymous_7)
FNDA:16,(anonymous_8)
FNDA:2,(anonymous_9)
FNDA:2,(anonymous_10)
FNDA:1,(anonymous_11)
FNDA:5,(anonymous_12)
FNDA:4,(anonymous_13)
FNDA:2,(anonymous_14)
FNDA:0,(anonymous_15)
FNDA:1,(anonymous_16)
FNDA:1,(anonymous_17)
FNDA:51,(anonymous_18)
FNDA:386,(anonymous_19)
DA:16,1
DA:27,8
DA:28,8
DA:29,8
DA:31,8
DA:32,2
DA:33,2
DA:34,2
DA:35,2
DA:38,6
DA:51,6
DA:52,6
DA:53,6
DA:66,5
DA:68,5
DA:69,5
DA:70,1
DA:71,1
DA:72,4
DA:73,3
DA:75,1
DA:79,5
DA:80,5
DA:81,5
DA:82,1
DA:83,1
DA:87,5
DA:88,5
DA:91,1
DA:92,1
DA:94,1
DA:95,1
DA:96,1
DA:99,1
DA:100,1
DA:116,0
DA:117,0
DA:118,0
DA:119,0
DA:121,0
DA:122,0
DA:123,0
DA:124,0
DA:134,1
DA:135,1
DA:136,0
DA:137,0
DA:140,1
DA:141,0
DA:142,0
DA:143,0
DA:144,0
DA:147,1
DA:148,1
DA:149,1
DA:152,1
DA:153,0
DA:156,1
DA:157,0
DA:160,1
DA:173,16
DA:174,16
DA:177,15
DA:181,2
DA:182,2
DA:188,5
DA:189,5
DA:190,5
DA:191,2
DA:192,2
DA:194,3
DA:199,0
DA:203,1
DA:207,1
DA:211,386
DA:212,15
DA:214,6
DA:218,1
DA:221,1
DA:222,1
LF:80
LH:63
BRDA:28,0,0,8
BRDA:28,0,1,1
BRDA:31,1,0,2
BRDA:31,1,1,6
BRDA:31,2,0,8
BRDA:31,2,1,7
BRDA:34,3,0,2
BRDA:34,3,1,0
BRDA:40,4,0,6
BRDA:40,4,1,1
BRDA:41,5,0,6
BRDA:41,5,1,1
BRDA:41,6,0,6
BRDA:41,6,1,0
BRDA:41,7,0,6
BRDA:41,7,1,0
BRDA:45,8,0,6
BRDA:45,8,1,1
BRDA:69,9,0,1
BRDA:69,9,1,4
BRDA:72,10,0,3
BRDA:72,10,1,1
BRDA:79,11,0,5
BRDA:79,11,1,0
BRDA:79,12,0,5
BRDA:79,12,1,5
BRDA:81,13,0,1
BRDA:81,13,1,4
BRDA:87,14,0,5
BRDA:87,14,1,0
BRDA:94,15,0,1
BRDA:94,15,1,0
BRDA:94,16,0,1
BRDA:94,16,1,1
BRDA:96,17,0,0
BRDA:96,17,1,1
BRDA:99,18,0,1
BRDA:99,18,1,0
BRDA:116,19,0,0
BRDA:116,19,1,0
BRDA:122,20,0,0
BRDA:122,20,1,0
BRDA:122,21,0,0
BRDA:122,21,1,0
BRDA:123,22,0,0
BRDA:123,22,1,0
BRDA:134,23,0,1
BRDA:134,23,1,0
BRDA:135,24,0,0
BRDA:135,24,1,1
BRDA:136,25,0,0
BRDA:136,25,1,0
BRDA:140,26,0,0
BRDA:140,26,1,1
BRDA:149,27,0,1
BRDA:149,27,1,0
BRDA:153,28,0,0
BRDA:153,28,1,0
BRDA:157,29,0,0
BRDA:157,29,1,0
BRDA:174,30,0,1
BRDA:174,30,1,15
BRDA:181,31,0,2
BRDA:181,31,1,1
BRDA:182,32,0,1
BRDA:182,32,1,1
BRDA:188,33,0,5
BRDA:188,33,1,1
BRDA:190,34,0,2
BRDA:190,34,1,3
BRDA:190,35,0,5
BRDA:190,35,1,4
BRDA:190,35,2,4
BRDA:191,36,0,2
BRDA:191,36,1,0
BRDA:191,36,2,0
BRDA:192,37,0,2
BRDA:192,37,1,0
BRDA:194,38,0,2
BRDA:194,38,1,1
BRDA:212,39,0,9
BRDA:212,39,1,6
BRDA:221,40,0,1
BRDA:221,40,1,0
BRDA:221,41,0,1
BRDA:221,41,1,1
BRF:86
BRH:56
end_of_record
TN:
SF:src\engine\simulator.js
FN:35,(anonymous_0)
FN:62,(anonymous_1)
FN:76,(anonymous_2)
FN:84,(anonymous_3)
FN:111,(anonymous_4)
FN:117,(anonymous_5)
FNF:6
FNH:5
FNDA:9,(anonymous_0)
FNDA:1,(anonymous_1)
FNDA:0,(anonymous_2)
FNDA:4,(anonymous_3)
FNDA:5,(anonymous_4)
FNDA:1,(anonymous_5)
DA:20,2
DA:36,9
DA:39,9
DA:40,2
DA:41,2
DA:45,9
DA:46,9
DA:47,2
DA:48,2
DA:49,2
DA:53,9
DA:54,8
DA:55,8
DA:62,7
DA:63,1
DA:64,1
DA:65,1
DA:66,1
DA:69,1
DA:72,1
DA:76,9
DA:85,4
DA:87,3
DA:90,3
DA:91,2
DA:92,2
DA:93,2
DA:97,3
DA:98,3
DA:101,3
DA:112,5
DA:116,2
DA:117,1
DA:119,2
DA:122,2
DA:123,2
LF:36
LH:36
BRDA:39,0,0,2
BRDA:39,0,1,7
BRDA:41,1,0,2
BRDA:41,1,1,0
BRDA:46,2,0,2
BRDA:46,2,1,7
BRDA:48,3,0,2
BRDA:48,3,1,1
BRDA:53,4,0,8
BRDA:53,4,1,1
BRDA:76,5,0,9
BRDA:76,5,1,1
BRDA:85,6,0,1
BRDA:85,6,1,3
BRDA:85,7,0,4
BRDA:85,7,1,3
BRDA:90,8,0,2
BRDA:90,8,1,1
BRDA:116,9,0,1
BRDA:116,9,1,1
BRDA:122,10,0,2
BRDA:122,10,1,0
BRDA:122,11,0,2
BRDA:122,11,1,2
BRF:24
BRH:22
end_of_record
TN:
SF:src\engine\state.js
FN:32,(anonymous_0)
FN:50,(anonymous_1)
FN:65,(anonymous_2)
FN:76,(anonymous_3)
FN:77,(anonymous_4)
FN:80,(anonymous_5)
FN:94,(anonymous_6)
FN:104,(anonymous_7)
FNF:8
FNH:8
FNDA:3,(anonymous_0)
FNDA:2,(anonymous_1)
FNDA:5,(anonymous_2)
FNDA:3,(anonymous_3)
FNDA:3,(anonymous_4)
FNDA:2,(anonymous_5)
FNDA:3,(anonymous_6)
FNDA:7,(anonymous_7)
DA:12,1
DA:24,1
DA:33,3
DA:34,3
DA:36,3
DA:37,1
DA:39,2
DA:42,3
DA:51,2
DA:52,2
DA:53,1
DA:54,1
DA:56,1
DA:58,1
DA:66,5
DA:77,3
DA:78,3
DA:80,2
DA:81,2
DA:82,1
DA:83,1
DA:84,1
DA:95,3
DA:96,3
DA:97,3
DA:105,7
DA:110,1
DA:113,1
DA:114,1
LF:29
LH:29
BRDA:36,0,0,1
BRDA:36,0,1,2
BRDA:78,1,0,1
BRDA:78,1,1,2
BRDA:81,2,0,1
BRDA:81,2,1,1
BRDA:94,3,0,1
BRDA:113,4,0,1
BRDA:113,4,1,0
BRDA:113,5,0,1
BRDA:113,5,1,1
BRF:11
BRH:10
end_of_record
